app/build/intermediates/manifest_merge_blame_file/debug/manifest-merger-blame-debug-report.txt
1<?xml version="1.0" encoding="utf-8"?>
2<manifest xmlns:android="http://schemas.android.com/apk/res/android"
3    package="com.example.devicelockcompanion"
4    android:versionCode="1"
5    android:versionName="1.0" >
6
7    <uses-sdk
8        android:minSdkVersion="26"
8-->src/main/AndroidManifest.xml
9        android:targetSdkVersion="31" />
9-->src/main/AndroidManifest.xml
10
11    <!-- Permissions for detecting installed packages -->
12    <uses-permission android:name="android.permission.QUERY_ALL_PACKAGES" />
12-->src/main/AndroidManifest.xml:7:5-8:53
12-->src/main/AndroidManifest.xml:7:22-74
13
14    <!-- For root operations -->
15    <uses-permission android:name="android.permission.INTERNET" />
15-->src/main/AndroidManifest.xml:11:5-67
15-->src/main/AndroidManifest.xml:11:22-64
16    <uses-permission android:name="android.permission.ACCESS_NETWORK_STATE" />
16-->src/main/AndroidManifest.xml:12:5-79
16-->src/main/AndroidManifest.xml:12:22-76
17    <uses-permission
17-->src/main/AndroidManifest.xml:13:5-14:38
18        android:name="android.permission.WRITE_EXTERNAL_STORAGE"
18-->src/main/AndroidManifest.xml:13:22-78
19        android:maxSdkVersion="28" />
19-->src/main/AndroidManifest.xml:14:9-35
20    <uses-permission
20-->src/main/AndroidManifest.xml:15:5-16:38
21        android:name="android.permission.READ_EXTERNAL_STORAGE"
21-->src/main/AndroidManifest.xml:15:22-77
22        android:maxSdkVersion="28" />
22-->src/main/AndroidManifest.xml:16:9-35
23
24    <application
24-->src/main/AndroidManifest.xml:18:5-47:19
25        android:allowBackup="true"
25-->src/main/AndroidManifest.xml:19:9-35
26        android:appComponentFactory="androidx.core.app.CoreComponentFactory"
26-->[androidx.core:core:1.3.2] AndroidManifest.xml:24:18-86
27        android:debuggable="true"
28        android:extractNativeLibs="false"
29        android:icon="@mipmap/ic_launcher"
29-->src/main/AndroidManifest.xml:20:9-43
30        android:label="@string/app_name"
30-->src/main/AndroidManifest.xml:21:9-41
31        android:roundIcon="@mipmap/ic_launcher_round"
31-->src/main/AndroidManifest.xml:22:9-54
32        android:supportsRtl="true"
32-->src/main/AndroidManifest.xml:23:9-35
33        android:theme="@style/Theme.DeviceLockCompanion" >
33-->src/main/AndroidManifest.xml:24:9-57
34        <activity
34-->src/main/AndroidManifest.xml:26:9-34:20
35            android:name="com.example.devicelockcompanion.MainActivity"
35-->src/main/AndroidManifest.xml:27:13-41
36            android:exported="true"
36-->src/main/AndroidManifest.xml:28:13-36
37            android:label="@string/app_name" >
37-->src/main/AndroidManifest.xml:29:13-45
38            <intent-filter>
38-->src/main/AndroidManifest.xml:30:13-33:29
39                <action android:name="android.intent.action.MAIN" />
39-->src/main/AndroidManifest.xml:31:17-69
39-->src/main/AndroidManifest.xml:31:25-66
40
41                <category android:name="android.intent.category.LAUNCHER" />
41-->src/main/AndroidManifest.xml:32:17-77
41-->src/main/AndroidManifest.xml:32:27-74
42            </intent-filter>
43        </activity>
44
45        <!-- For receiving SECRET_CODE broadcasts -->
46        <receiver
46-->src/main/AndroidManifest.xml:37:9-45:20
47            android:name="com.example.devicelockcompanion.receivers.SecretCodeReceiver"
47-->src/main/AndroidManifest.xml:38:13-57
48            android:enabled="true"
48-->src/main/AndroidManifest.xml:39:13-35
49            android:exported="true" >
49-->src/main/AndroidManifest.xml:40:13-36
50            <intent-filter>
50-->src/main/AndroidManifest.xml:41:13-44:29
51                <action android:name="android.provider.Telephony.SECRET_CODE" />
51-->src/main/AndroidManifest.xml:42:17-81
51-->src/main/AndroidManifest.xml:42:25-78
52
53                <data android:scheme="android_secret_code" />
53-->src/main/AndroidManifest.xml:43:17-62
53-->src/main/AndroidManifest.xml:43:23-59
54            </intent-filter>
55        </receiver>
56    </application>
57
58</manifest>